<?xml version="1.0" encoding="UTF-8"?>
<coverage generated="1641440571538" clover="3.2.0">
  <project timestamp="1641440571538" name="All files">
    <metrics statements="28" coveredstatements="27" conditionals="12" coveredconditionals="10" methods="13" coveredmethods="13" elements="53" coveredelements="50" complexity="0" loc="28" ncloc="28" packages="1" files="1" classes="1"/>
    <file name="planetaryCalculator.js" path="/home/xlcm/Desktop/epicodus/tdd-project/src/js/planetaryCalculator.js">
      <metrics statements="28" coveredstatements="27" conditionals="12" coveredconditionals="10" methods="13" coveredmethods="13"/>
      <line num="3" count="32" type="stmt"/>
      <line num="4" count="32" type="stmt"/>
      <line num="5" count="32" type="stmt"/>
      <line num="6" count="32" type="stmt"/>
      <line num="7" count="32" type="stmt"/>
      <line num="12" count="3" type="stmt"/>
      <line num="15" count="1" type="cond" truecount="1" falsecount="1"/>
      <line num="16" count="0" type="stmt"/>
      <line num="18" count="1" type="stmt"/>
      <line num="26" count="5" type="stmt"/>
      <line num="31" count="2" type="cond" truecount="2" falsecount="0"/>
      <line num="32" count="1" type="stmt"/>
      <line num="34" count="1" type="stmt"/>
      <line num="42" count="5" type="stmt"/>
      <line num="47" count="2" type="cond" truecount="2" falsecount="0"/>
      <line num="48" count="1" type="stmt"/>
      <line num="50" count="1" type="stmt"/>
      <line num="58" count="5" type="stmt"/>
      <line num="63" count="2" type="cond" truecount="2" falsecount="0"/>
      <line num="64" count="1" type="stmt"/>
      <line num="66" count="1" type="stmt"/>
      <line num="74" count="5" type="stmt"/>
      <line num="79" count="2" type="cond" truecount="2" falsecount="0"/>
      <line num="80" count="1" type="stmt"/>
      <line num="82" count="1" type="stmt"/>
      <line num="90" count="3" type="stmt"/>
      <line num="95" count="1" type="cond" truecount="1" falsecount="1"/>
      <line num="96" count="1" type="stmt"/>
    </file>
  </project>
</coverage>
