{"/home/xlcm/Desktop/epicodus/tdd-project/src/js/planetaryCalculator.js": {"path":"/home/xlcm/Desktop/epicodus/tdd-project/src/js/planetaryCalculator.js","statementMap":{"0":{"start":{"line":3,"column":4},"end":{"line":3,"column":36}},"1":{"start":{"line":4,"column":4},"end":{"line":4,"column":49}},"2":{"start":{"line":5,"column":4},"end":{"line":5,"column":50}},"3":{"start":{"line":6,"column":4},"end":{"line":6,"column":49}},"4":{"start":{"line":7,"column":4},"end":{"line":100,"column":6}},"5":{"start":{"line":12,"column":10},"end":{"line":12,"column":79}},"6":{"start":{"line":15,"column":10},"end":{"line":19,"column":11}},"7":{"start":{"line":16,"column":12},"end":{"line":16,"column":78}},"8":{"start":{"line":18,"column":12},"end":{"line":18,"column":93}},"9":{"start":{"line":26,"column":10},"end":{"line":28,"column":12}},"10":{"start":{"line":31,"column":10},"end":{"line":35,"column":11}},"11":{"start":{"line":32,"column":12},"end":{"line":32,"column":80}},"12":{"start":{"line":34,"column":12},"end":{"line":34,"column":95}},"13":{"start":{"line":42,"column":10},"end":{"line":44,"column":12}},"14":{"start":{"line":47,"column":10},"end":{"line":51,"column":11}},"15":{"start":{"line":48,"column":12},"end":{"line":48,"column":78}},"16":{"start":{"line":50,"column":12},"end":{"line":50,"column":93}},"17":{"start":{"line":58,"column":10},"end":{"line":60,"column":12}},"18":{"start":{"line":63,"column":10},"end":{"line":67,"column":11}},"19":{"start":{"line":64,"column":12},"end":{"line":64,"column":77}},"20":{"start":{"line":66,"column":12},"end":{"line":66,"column":92}},"21":{"start":{"line":74,"column":10},"end":{"line":76,"column":12}},"22":{"start":{"line":79,"column":10},"end":{"line":83,"column":11}},"23":{"start":{"line":80,"column":12},"end":{"line":80,"column":80}},"24":{"start":{"line":82,"column":12},"end":{"line":82,"column":95}},"25":{"start":{"line":90,"column":10},"end":{"line":92,"column":12}},"26":{"start":{"line":95,"column":10},"end":{"line":97,"column":11}},"27":{"start":{"line":96,"column":12},"end":{"line":96,"column":79}}},"fnMap":{"0":{"name":"(anonymous_0)","decl":{"start":{"line":2,"column":2},"end":{"line":2,"column":3}},"loc":{"start":{"line":2,"column":24},"end":{"line":101,"column":3}},"line":2},"1":{"name":"(anonymous_1)","decl":{"start":{"line":11,"column":8},"end":{"line":11,"column":9}},"loc":{"start":{"line":11,"column":19},"end":{"line":13,"column":9}},"line":11},"2":{"name":"(anonymous_2)","decl":{"start":{"line":14,"column":8},"end":{"line":14,"column":9}},"loc":{"start":{"line":14,"column":20},"end":{"line":20,"column":9}},"line":14},"3":{"name":"(anonymous_3)","decl":{"start":{"line":25,"column":8},"end":{"line":25,"column":9}},"loc":{"start":{"line":25,"column":19},"end":{"line":29,"column":9}},"line":25},"4":{"name":"(anonymous_4)","decl":{"start":{"line":30,"column":8},"end":{"line":30,"column":9}},"loc":{"start":{"line":30,"column":20},"end":{"line":36,"column":9}},"line":30},"5":{"name":"(anonymous_5)","decl":{"start":{"line":41,"column":8},"end":{"line":41,"column":9}},"loc":{"start":{"line":41,"column":19},"end":{"line":45,"column":9}},"line":41},"6":{"name":"(anonymous_6)","decl":{"start":{"line":46,"column":8},"end":{"line":46,"column":9}},"loc":{"start":{"line":46,"column":20},"end":{"line":52,"column":9}},"line":46},"7":{"name":"(anonymous_7)","decl":{"start":{"line":57,"column":8},"end":{"line":57,"column":9}},"loc":{"start":{"line":57,"column":19},"end":{"line":61,"column":9}},"line":57},"8":{"name":"(anonymous_8)","decl":{"start":{"line":62,"column":8},"end":{"line":62,"column":9}},"loc":{"start":{"line":62,"column":20},"end":{"line":68,"column":9}},"line":62},"9":{"name":"(anonymous_9)","decl":{"start":{"line":73,"column":8},"end":{"line":73,"column":9}},"loc":{"start":{"line":73,"column":19},"end":{"line":77,"column":9}},"line":73},"10":{"name":"(anonymous_10)","decl":{"start":{"line":78,"column":8},"end":{"line":78,"column":9}},"loc":{"start":{"line":78,"column":20},"end":{"line":84,"column":9}},"line":78},"11":{"name":"(anonymous_11)","decl":{"start":{"line":89,"column":8},"end":{"line":89,"column":9}},"loc":{"start":{"line":89,"column":19},"end":{"line":93,"column":9}},"line":89},"12":{"name":"(anonymous_12)","decl":{"start":{"line":94,"column":8},"end":{"line":94,"column":9}},"loc":{"start":{"line":94,"column":20},"end":{"line":98,"column":9}},"line":94}},"branchMap":{"0":{"loc":{"start":{"line":15,"column":10},"end":{"line":19,"column":11}},"type":"if","locations":[{"start":{"line":15,"column":10},"end":{"line":19,"column":11}},{"start":{"line":17,"column":17},"end":{"line":19,"column":11}}],"line":15},"1":{"loc":{"start":{"line":31,"column":10},"end":{"line":35,"column":11}},"type":"if","locations":[{"start":{"line":31,"column":10},"end":{"line":35,"column":11}},{"start":{"line":33,"column":17},"end":{"line":35,"column":11}}],"line":31},"2":{"loc":{"start":{"line":47,"column":10},"end":{"line":51,"column":11}},"type":"if","locations":[{"start":{"line":47,"column":10},"end":{"line":51,"column":11}},{"start":{"line":49,"column":17},"end":{"line":51,"column":11}}],"line":47},"3":{"loc":{"start":{"line":63,"column":10},"end":{"line":67,"column":11}},"type":"if","locations":[{"start":{"line":63,"column":10},"end":{"line":67,"column":11}},{"start":{"line":65,"column":17},"end":{"line":67,"column":11}}],"line":63},"4":{"loc":{"start":{"line":79,"column":10},"end":{"line":83,"column":11}},"type":"if","locations":[{"start":{"line":79,"column":10},"end":{"line":83,"column":11}},{"start":{"line":81,"column":17},"end":{"line":83,"column":11}}],"line":79},"5":{"loc":{"start":{"line":95,"column":10},"end":{"line":97,"column":11}},"type":"if","locations":[{"start":{"line":95,"column":10},"end":{"line":97,"column":11}},{"start":{},"end":{}}],"line":95}},"s":{"0":32,"1":32,"2":32,"3":32,"4":32,"5":3,"6":1,"7":0,"8":1,"9":5,"10":2,"11":1,"12":1,"13":5,"14":2,"15":1,"16":1,"17":5,"18":2,"19":1,"20":1,"21":5,"22":2,"23":1,"24":1,"25":3,"26":1,"27":1},"f":{"0":32,"1":3,"2":1,"3":5,"4":2,"5":5,"6":2,"7":5,"8":2,"9":5,"10":2,"11":3,"12":1},"b":{"0":[0,1],"1":[1,1],"2":[1,1],"3":[1,1],"4":[1,1],"5":[1,0]},"_coverageSchema":"1a1c01bbd47fc00a2c39e90264f33305004495a9","hash":"de4d18fdce03dadf64b4f8c58b3215cb3bd75190"}
}
