TN:
SF:src/js/planetaryCalculator.js
FN:2,(anonymous_0)
FN:11,(anonymous_1)
FN:14,(anonymous_2)
FN:25,(anonymous_3)
FN:30,(anonymous_4)
FN:41,(anonymous_5)
FN:46,(anonymous_6)
FN:57,(anonymous_7)
FN:62,(anonymous_8)
FN:73,(anonymous_9)
FN:78,(anonymous_10)
FN:89,(anonymous_11)
FN:94,(anonymous_12)
FNF:13
FNH:13
FNDA:32,(anonymous_0)
FNDA:3,(anonymous_1)
FNDA:1,(anonymous_2)
FNDA:5,(anonymous_3)
FNDA:2,(anonymous_4)
FNDA:5,(anonymous_5)
FNDA:2,(anonymous_6)
FNDA:5,(anonymous_7)
FNDA:2,(anonymous_8)
FNDA:5,(anonymous_9)
FNDA:2,(anonymous_10)
FNDA:3,(anonymous_11)
FNDA:1,(anonymous_12)
DA:3,32
DA:4,32
DA:5,32
DA:6,32
DA:7,32
DA:12,3
DA:15,1
DA:16,0
DA:18,1
DA:26,5
DA:31,2
DA:32,1
DA:34,1
DA:42,5
DA:47,2
DA:48,1
DA:50,1
DA:58,5
DA:63,2
DA:64,1
DA:66,1
DA:74,5
DA:79,2
DA:80,1
DA:82,1
DA:90,3
DA:95,1
DA:96,1
LF:28
LH:27
BRDA:15,0,0,0
BRDA:15,0,1,1
BRDA:31,1,0,1
BRDA:31,1,1,1
BRDA:47,2,0,1
BRDA:47,2,1,1
BRDA:63,3,0,1
BRDA:63,3,1,1
BRDA:79,4,0,1
BRDA:79,4,1,1
BRDA:95,5,0,1
BRDA:95,5,1,0
BRF:12
BRH:10
end_of_record
